Build started 2015-11-18 12:38:53.
     1>Project "C:\Users\Sadra\documents\visual studio 2015\Projects\BST\BST\BST.vcxproj" on node 2 (Build target(s)).
     1>ClCompile:
         C:\Program Files (x86)\Microsoft Visual Studio 14.0\VC\bin\CL.exe /c /ZI /nologo /W3 /WX- /sdl /Od /Oy- /D WIN32 /D _DEBUG /D _CONSOLE /D _UNICODE /D UNICODE /Gm /EHsc /RTC1 /MDd /GS /fp:precise /Zc:wchar_t /Zc:forScope /Zc:inline /Fo"Debug\\" /Fd"Debug\vc140.pdb" /Gd /TP /analyze- /errorReport:prompt Source.cpp
         Source.cpp
     1>c:\users\sadra\documents\visual studio 2015\projects\bst\bst\bst.h(60): error C2106: '=': left operand must be l-value
         c:\users\sadra\documents\visual studio 2015\projects\bst\bst\bst.h(40): note: while compiling class template member function 'void BST<int>::remove(Node<T> *,T)'
                 with
                 [
                     T=int
                 ]
         c:\users\sadra\documents\visual studio 2015\projects\bst\bst\bst.h(89): note: see reference to function template instantiation 'void BST<int>::remove(Node<T> *,T)' being compiled
                 with
                 [
                     T=int
                 ]
         c:\users\sadra\documents\visual studio 2015\projects\bst\bst\source.cpp(8): note: see reference to class template instantiation 'BST<int>' being compiled
     1>Done Building Project "C:\Users\Sadra\documents\visual studio 2015\Projects\BST\BST\BST.vcxproj" (Build target(s)) -- FAILED.

Build FAILED.

Time Elapsed 00:00:02.09
